Invoked getWidth on gamecomponents.MyBoard with no arguments.
Invoked getHeight on gamecomponents.MyBoard with no arguments.
Invoked getDisc on gamecomponents.MyBoard with arguments: 0, 0, .
Invoked getDisc on gamecomponents.MyBoard with arguments: 0, 1, .
Invoked getDisc on gamecomponents.MyBoard with arguments: 0, 2, .
Invoked getDisc on gamecomponents.MyBoard with arguments: 0, 3, .
Invoked getDisc on gamecomponents.MyBoard with arguments: 0, 4, .
Invoked getDisc on gamecomponents.MyBoard with arguments: 0, 5, .
Invoked getDisc on gamecomponents.MyBoard with arguments: 1, 0, .
Invoked getDisc on gamecomponents.MyBoard with arguments: 1, 1, .
Invoked getDisc on gamecomponents.MyBoard with arguments: 1, 2, .
Invoked getDisc on gamecomponents.MyBoard with arguments: 1, 3, .
Invoked getDisc on gamecomponents.MyBoard with arguments: 1, 4, .
Invoked getDisc on gamecomponents.MyBoard with arguments: 1, 5, .
Invoked getDisc on gamecomponents.MyBoard with arguments: 2, 0, .
Invoked getDisc on gamecomponents.MyBoard with arguments: 2, 1, .
Invoked getDisc on gamecomponents.MyBoard with arguments: 2, 2, .
Invoked getDisc on gamecomponents.MyBoard with arguments: 2, 3, .
Invoked getDisc on gamecomponents.MyBoard with arguments: 2, 4, .
Invoked getDisc on gamecomponents.MyBoard with arguments: 2, 5, .
Invoked getDisc on gamecomponents.MyBoard with arguments: 3, 0, .
Invoked getDisc on gamecomponents.MyBoard with arguments: 3, 1, .
Invoked getDisc on gamecomponents.MyBoard with arguments: 3, 2, .
Invoked getDisc on gamecomponents.MyBoard with arguments: 3, 3, .
Invoked getDisc on gamecomponents.MyBoard with arguments: 3, 4, .
Invoked getDisc on gamecomponents.MyBoard with arguments: 3, 5, .
Invoked getDisc on gamecomponents.MyBoard with arguments: 4, 0, .
Invoked getDisc on gamecomponents.MyBoard with arguments: 4, 1, .
Invoked getDisc on gamecomponents.MyBoard with arguments: 4, 2, .
Invoked getDisc on gamecomponents.MyBoard with arguments: 4, 3, .
Invoked getDisc on gamecomponents.MyBoard with arguments: 4, 4, .
Invoked getDisc on gamecomponents.MyBoard with arguments: 4, 5, .
Invoked getDisc on gamecomponents.MyBoard with arguments: 5, 0, .
Invoked getDisc on gamecomponents.MyBoard with arguments: 5, 1, .
Invoked getDisc on gamecomponents.MyBoard with arguments: 5, 2, .
Invoked getDisc on gamecomponents.MyBoard with arguments: 5, 3, .
Invoked getDisc on gamecomponents.MyBoard with arguments: 5, 4, .
Invoked getDisc on gamecomponents.MyBoard with arguments: 5, 5, .
Invoked getDisc on gamecomponents.MyBoard with arguments: 6, 0, .
Invoked getDisc on gamecomponents.MyBoard with arguments: 6, 1, .
Invoked getDisc on gamecomponents.MyBoard with arguments: 6, 2, .
Invoked getDisc on gamecomponents.MyBoard with arguments: 6, 3, .
Invoked getDisc on gamecomponents.MyBoard with arguments: 6, 4, .
Invoked getDisc on gamecomponents.MyBoard with arguments: 6, 5, .
Invoked getWidth on gamecomponents.MyBoard with no arguments.
Invoked getTop on gamecomponents.MyBoard with arguments: 0, .
Invoked getWidth on gamecomponents.MyBoard with no arguments.
Invoked getTop on gamecomponents.MyBoard with arguments: 1, .
Invoked getWidth on gamecomponents.MyBoard with no arguments.
Invoked getTop on gamecomponents.MyBoard with arguments: 2, .
Invoked getWidth on gamecomponents.MyBoard with no arguments.
Invoked getTop on gamecomponents.MyBoard with arguments: 3, .
Invoked getWidth on gamecomponents.MyBoard with no arguments.
Invoked getTop on gamecomponents.MyBoard with arguments: 4, .
Invoked getWidth on gamecomponents.MyBoard with no arguments.
Invoked getTop on gamecomponents.MyBoard with arguments: 5, .
Invoked getWidth on gamecomponents.MyBoard with no arguments.
Invoked getTop on gamecomponents.MyBoard with arguments: 6, .
Invoked getWidth on gamecomponents.MyBoard with no arguments.
Invoked addObserver on gamecomponents.MyBoard with arguments: main.BoardTerminalDisplay@48c7aaef, .
Invoked clone on gamecomponents.MyBoard with no arguments.
Invoked chooseColumn on players.HumanPlayer with arguments: gamecomponents.MyBoard@1e5161e1, gamecomponents.MyDisc@70f10a53, gamecomponents.MyDisc@60dd0912, .
Invoked getWidth on gamecomponents.MyBoard with no arguments.
Invoked columnNotFull on gamecomponents.MyBoard with arguments: 2, .
Invoked putDiscInColumn on gamecomponents.MyBoard with arguments: 2, gamecomponents.MyDisc@70f10a53, .
Invoked getTopIndex on gamecomponents.MyBoard with arguments: 2, .
Invoked notifyObservers on gamecomponents.MyBoard with arguments: 2, 0, gamecomponents.MyDisc@70f10a53, .
Invoked getWidth on gamecomponents.MyBoard with no arguments.
Invoked getTop on gamecomponents.MyBoard with arguments: 0, .
Invoked getWidth on gamecomponents.MyBoard with no arguments.
Invoked getTop on gamecomponents.MyBoard with arguments: 1, .
Invoked getWidth on gamecomponents.MyBoard with no arguments.
Invoked getTop on gamecomponents.MyBoard with arguments: 2, .
Invoked getTopIndex on gamecomponents.MyBoard with arguments: 2, .
Invoked getWidth on gamecomponents.MyBoard with no arguments.
Invoked getHeight on gamecomponents.MyBoard with no arguments.
Invoked getDisc on gamecomponents.MyBoard with arguments: 2, 0, .
Invoked getDisc on gamecomponents.MyBoard with arguments: 3, 0, .
Invoked getDisc on gamecomponents.MyBoard with arguments: 1, 0, .
Invoked getDisc on gamecomponents.MyBoard with arguments: 2, 1, .
Invoked getDisc on gamecomponents.MyBoard with arguments: 1, 1, .
Invoked getDisc on gamecomponents.MyBoard with arguments: 3, 1, .
Invoked isComp on players.HumanPlayer with no arguments.
Invoked clone on gamecomponents.MyBoard with no arguments.
Invoked chooseColumn on players.ComputerPlayer with arguments: gamecomponents.MyBoard@1f51c9a0, gamecomponents.MyDisc@60dd0912, gamecomponents.MyDisc@70f10a53, .
Invoked getWidth on gamecomponents.MyBoard with no arguments.
Invoked columnNotFull on gamecomponents.MyBoard with arguments: 0, .
Invoked putDiscInColumn on gamecomponents.MyBoard with arguments: 0, gamecomponents.MyDisc@60dd0912, .
Invoked getTopIndex on gamecomponents.MyBoard with arguments: 0, .
Invoked notifyObservers on gamecomponents.MyBoard with arguments: 0, 0, gamecomponents.MyDisc@60dd0912, .
Invoked getTopIndex on gamecomponents.MyBoard with arguments: 0, .
Invoked getWidth on gamecomponents.MyBoard with no arguments.
Invoked getHeight on gamecomponents.MyBoard with no arguments.
Invoked getDisc on gamecomponents.MyBoard with arguments: 0, 0, .
Invoked getDisc on gamecomponents.MyBoard with arguments: 1, 0, .
Invoked getDisc on gamecomponents.MyBoard with arguments: 0, 1, .
Invoked getDisc on gamecomponents.MyBoard with arguments: 1, 1, .
Invoked isComp on players.ComputerPlayer with no arguments.
Invoked clone on gamecomponents.MyBoard with no arguments.
Invoked chooseColumn on players.HumanPlayer with arguments: gamecomponents.MyBoard@38d5b111, gamecomponents.MyDisc@70f10a53, gamecomponents.MyDisc@60dd0912, .
Invoked getWidth on gamecomponents.MyBoard with no arguments.
Invoked columnNotFull on gamecomponents.MyBoard with arguments: 3, .
Invoked putDiscInColumn on gamecomponents.MyBoard with arguments: 3, gamecomponents.MyDisc@70f10a53, .
Invoked getTopIndex on gamecomponents.MyBoard with arguments: 3, .
Invoked notifyObservers on gamecomponents.MyBoard with arguments: 3, 0, gamecomponents.MyDisc@70f10a53, .
Invoked getTopIndex on gamecomponents.MyBoard with arguments: 3, .
Invoked getWidth on gamecomponents.MyBoard with no arguments.
Invoked getHeight on gamecomponents.MyBoard with no arguments.
Invoked getDisc on gamecomponents.MyBoard with arguments: 3, 0, .
Invoked getDisc on gamecomponents.MyBoard with arguments: 4, 0, .
Invoked getDisc on gamecomponents.MyBoard with arguments: 2, 0, .
Invoked getDisc on gamecomponents.MyBoard with arguments: 1, 0, .
Invoked getDisc on gamecomponents.MyBoard with arguments: 3, 1, .
Invoked getDisc on gamecomponents.MyBoard with arguments: 2, 1, .
Invoked getDisc on gamecomponents.MyBoard with arguments: 4, 1, .
Invoked isComp on players.HumanPlayer with no arguments.
Invoked clone on gamecomponents.MyBoard with no arguments.
Invoked chooseColumn on players.ComputerPlayer with arguments: gamecomponents.MyBoard@6f96093, gamecomponents.MyDisc@60dd0912, gamecomponents.MyDisc@70f10a53, .
Invoked getWidth on gamecomponents.MyBoard with no arguments.
Invoked columnNotFull on gamecomponents.MyBoard with arguments: 0, .
Invoked putDiscInColumn on gamecomponents.MyBoard with arguments: 0, gamecomponents.MyDisc@60dd0912, .
Invoked getTopIndex on gamecomponents.MyBoard with arguments: 0, .
Invoked notifyObservers on gamecomponents.MyBoard with arguments: 0, 1, gamecomponents.MyDisc@60dd0912, .
Invoked getTopIndex on gamecomponents.MyBoard with arguments: 0, .
Invoked getWidth on gamecomponents.MyBoard with no arguments.
Invoked getHeight on gamecomponents.MyBoard with no arguments.
Invoked getDisc on gamecomponents.MyBoard with arguments: 0, 1, .
Invoked getDisc on gamecomponents.MyBoard with arguments: 1, 1, .
Invoked getDisc on gamecomponents.MyBoard with arguments: 0, 2, .
Invoked getDisc on gamecomponents.MyBoard with arguments: 0, 0, .
Invoked getDisc on gamecomponents.MyBoard with arguments: 1, 0, .
Invoked getDisc on gamecomponents.MyBoard with arguments: 1, 2, .
Invoked isComp on players.ComputerPlayer with no arguments.
Invoked clone on gamecomponents.MyBoard with no arguments.
Invoked chooseColumn on players.HumanPlayer with arguments: gamecomponents.MyBoard@5e335678, gamecomponents.MyDisc@70f10a53, gamecomponents.MyDisc@60dd0912, .
Invoked getWidth on gamecomponents.MyBoard with no arguments.
Invoked columnNotFull on gamecomponents.MyBoard with arguments: 4, .
Invoked putDiscInColumn on gamecomponents.MyBoard with arguments: 4, gamecomponents.MyDisc@70f10a53, .
Invoked getTopIndex on gamecomponents.MyBoard with arguments: 4, .
Invoked notifyObservers on gamecomponents.MyBoard with arguments: 4, 0, gamecomponents.MyDisc@70f10a53, .
Invoked getTopIndex on gamecomponents.MyBoard with arguments: 4, .
Invoked getWidth on gamecomponents.MyBoard with no arguments.
Invoked getHeight on gamecomponents.MyBoard with no arguments.
Invoked getDisc on gamecomponents.MyBoard with arguments: 4, 0, .
Invoked getDisc on gamecomponents.MyBoard with arguments: 5, 0, .
Invoked getDisc on gamecomponents.MyBoard with arguments: 3, 0, .
Invoked getDisc on gamecomponents.MyBoard with arguments: 2, 0, .
Invoked getDisc on gamecomponents.MyBoard with arguments: 1, 0, .
Invoked getDisc on gamecomponents.MyBoard with arguments: 4, 1, .
Invoked getDisc on gamecomponents.MyBoard with arguments: 3, 1, .
Invoked getDisc on gamecomponents.MyBoard with arguments: 5, 1, .
Invoked isComp on players.HumanPlayer with no arguments.
Invoked clone on gamecomponents.MyBoard with no arguments.
Invoked chooseColumn on players.ComputerPlayer with arguments: gamecomponents.MyBoard@7c721098, gamecomponents.MyDisc@60dd0912, gamecomponents.MyDisc@70f10a53, .
Invoked getWidth on gamecomponents.MyBoard with no arguments.
Invoked columnNotFull on gamecomponents.MyBoard with arguments: 0, .
Invoked putDiscInColumn on gamecomponents.MyBoard with arguments: 0, gamecomponents.MyDisc@60dd0912, .
Invoked getTopIndex on gamecomponents.MyBoard with arguments: 0, .
Invoked notifyObservers on gamecomponents.MyBoard with arguments: 0, 2, gamecomponents.MyDisc@60dd0912, .
Invoked getTopIndex on gamecomponents.MyBoard with arguments: 0, .
Invoked getWidth on gamecomponents.MyBoard with no arguments.
Invoked getHeight on gamecomponents.MyBoard with no arguments.
Invoked getDisc on gamecomponents.MyBoard with arguments: 0, 2, .
Invoked getDisc on gamecomponents.MyBoard with arguments: 1, 2, .
Invoked getDisc on gamecomponents.MyBoard with arguments: 0, 3, .
Invoked getDisc on gamecomponents.MyBoard with arguments: 0, 1, .
Invoked getDisc on gamecomponents.MyBoard with arguments: 0, 0, .
Invoked getDisc on gamecomponents.MyBoard with arguments: 1, 1, .
Invoked getDisc on gamecomponents.MyBoard with arguments: 1, 3, .
Invoked isComp on players.ComputerPlayer with no arguments.
Invoked clone on gamecomponents.MyBoard with no arguments.
Invoked chooseColumn on players.HumanPlayer with arguments: gamecomponents.MyBoard@249faafc, gamecomponents.MyDisc@70f10a53, gamecomponents.MyDisc@60dd0912, .
Invoked getWidth on gamecomponents.MyBoard with no arguments.
Invoked columnNotFull on gamecomponents.MyBoard with arguments: 5, .
Invoked putDiscInColumn on gamecomponents.MyBoard with arguments: 5, gamecomponents.MyDisc@70f10a53, .
Invoked getTopIndex on gamecomponents.MyBoard with arguments: 5, .
Invoked notifyObservers on gamecomponents.MyBoard with arguments: 5, 0, gamecomponents.MyDisc@70f10a53, .
Invoked getTopIndex on gamecomponents.MyBoard with arguments: 5, .
Invoked getWidth on gamecomponents.MyBoard with no arguments.
Invoked getHeight on gamecomponents.MyBoard with no arguments.
Invoked getDisc on gamecomponents.MyBoard with arguments: 5, 0, .
Invoked getDisc on gamecomponents.MyBoard with arguments: 6, 0, .
Invoked getDisc on gamecomponents.MyBoard with arguments: 4, 0, .
Invoked getDisc on gamecomponents.MyBoard with arguments: 3, 0, .
Invoked getDisc on gamecomponents.MyBoard with arguments: 2, 0, .
Invoked getDisc on gamecomponents.MyBoard with arguments: 1, 0, .
Invoked isComp on players.HumanPlayer with no arguments.
Invoked isComp on players.HumanPlayer with no arguments.
